<?xml version="1.0" encoding="UTF-8"?>
<!-- Generated by org.testng.reporters.JUnitXMLReporter -->
<testsuite ignored="0" hostname="9a5b7116d740519" failures="0" tests="10" name="TestNGTest_10_Times" time="96.184" errors="0" timestamp="2023-08-31T21:17:01 IST">
  <testcase classname="testngtests.ReqResTest" name="postTest" time="8.343"/>
  <testcase classname="testngtests.ReqResTest" name="postTest" time="8.255"/>
  <testcase classname="testngtests.ReqResTest" name="postTest" time="8.195"/>
  <testcase classname="testngtests.ReqResTest" name="postTest" time="8.568"/>
  <testcase classname="testngtests.ReqResTest" name="postTest" time="8.221"/>
  <testcase classname="testngtests.ReqResTest" name="postTest" time="8.226"/>
  <testcase classname="testngtests.ReqResTest" name="postTest" time="8.24"/>
  <testcase classname="testngtests.ReqResTest" name="postTest" time="8.353"/>
  <testcase classname="testngtests.ReqResTest" name="postTest" time="8.232"/>
  <testcase classname="testngtests.ReqResTest" name="postTest" time="8.17"/>
</testsuite> <!-- TestNGTest_10_Times -->
