<?xml version="1.0" encoding="UTF-8"?>
<testng-results ignored="0" total="1" passed="1" failed="0" skipped="0">
  <reporter-output>
  </reporter-output>
  <suite started-at="2023-08-31T22:21:11 IST" name="Suite" finished-at="2023-08-31T22:21:23 IST" duration-ms="12122">
    <groups>
    </groups>
    <test started-at="2023-08-31T22:21:11 IST" name="TestNGTest_10_Times" finished-at="2023-08-31T22:21:23 IST" duration-ms="12122">
      <class name="testngtests.ReqResTest">
        <test-method is-config="true" signature="beforeMethod()[pri:0, instance:testngtests.ReqResTest@1e1a0406]" started-at="2023-08-31T22:21:11 IST" name="beforeMethod" finished-at="2023-08-31T22:21:14 IST" duration-ms="3491" status="PASS">
          <reporter-output>
          </reporter-output>
        </test-method> <!-- beforeMethod -->
        <test-method signature="postTest()[pri:0, instance:testngtests.ReqResTest@1e1a0406]" started-at="2023-08-31T22:21:14 IST" name="postTest" finished-at="2023-08-31T22:21:23 IST" duration-ms="8401" status="PASS">
          <reporter-output>
          </reporter-output>
        </test-method> <!-- postTest -->
        <test-method is-config="true" signature="afterMethod()[pri:0, instance:testngtests.ReqResTest@1e1a0406]" started-at="2023-08-31T22:21:23 IST" name="afterMethod" finished-at="2023-08-31T22:21:23 IST" duration-ms="186" status="PASS">
          <reporter-output>
          </reporter-output>
        </test-method> <!-- afterMethod -->
      </class> <!-- testngtests.ReqResTest -->
    </test> <!-- TestNGTest_10_Times -->
  </suite> <!-- Suite -->
</testng-results>
