<?xml version="1.0" encoding="UTF-8"?>
<testng-results ignored="0" total="1" passed="1" failed="0" skipped="0">
  <reporter-output>
  </reporter-output>
  <suite started-at="2023-09-25T19:24:29 IST" name="Suite" finished-at="2023-09-25T19:25:19 IST" duration-ms="49800">
    <groups>
      <group name="cucumber">
        <method signature="TestRunner.runScenario(io.cucumber.testng.PickleWrapper,io.cucumber.testng.FeatureWrapper)[pri:0, instance:com.techademy.e2etests.TestRunner@606e4010]" name="runScenario" class="com.techademy.e2etests.TestRunner"/>
      </group> <!-- cucumber -->
    </groups>
    <test started-at="2023-09-25T19:24:29 IST" name="TestNGCucumber_SauceLabs_Tests" finished-at="2023-09-25T19:25:19 IST" duration-ms="49800">
      <class name="com.techademy.e2etests.TestRunner">
        <test-method is-config="true" signature="setUpCucumber()[pri:0, instance:com.techademy.e2etests.TestRunner@606e4010]" started-at="2023-09-25T19:24:26 IST" name="setUpCucumber" finished-at="2023-09-25T19:24:29 IST" duration-ms="3235" status="PASS">
          <reporter-output>
          </reporter-output>
        </test-method> <!-- setUpCucumber -->
        <test-method signature="runScenario(io.cucumber.testng.PickleWrapper,io.cucumber.testng.FeatureWrapper)[pri:0, instance:com.techademy.e2etests.TestRunner@606e4010]" started-at="2023-09-25T19:24:29 IST" name="runScenario" description="Runs Cucumber Scenarios" data-provider="scenarios" finished-at="2023-09-25T19:25:19 IST" duration-ms="49753" status="PASS">
          <params>
            <param index="0">
              <value>
                <![CDATA["Validate Sauce Labs Shopping"]]>
              </value>
            </param>
            <param index="1">
              <value>
                <![CDATA["Validate Sauce Labs E-Commerce Demo Scenario"]]>
              </value>
            </param>
          </params>
          <reporter-output>
          </reporter-output>
        </test-method> <!-- runScenario -->
        <test-method is-config="true" signature="tearDownClass()[pri:0, instance:com.techademy.e2etests.TestRunner@606e4010]" started-at="2023-09-25T19:25:19 IST" name="tearDownClass" finished-at="2023-09-25T19:25:20 IST" duration-ms="288" status="PASS">
          <reporter-output>
          </reporter-output>
        </test-method> <!-- tearDownClass -->
      </class> <!-- com.techademy.e2etests.TestRunner -->
    </test> <!-- TestNGCucumber_SauceLabs_Tests -->
  </suite> <!-- Suite -->
</testng-results>
